<?xml version="1.0" encoding="UTF-8"?>
<testng-results ignored="0" total="2" passed="2" failed="0" skipped="0">
  <reporter-output>
  </reporter-output>
  <suite started-at="2024-07-03T03:39:49 IST" name="Default suite" finished-at="2024-07-03T03:39:52 IST" duration-ms="2538">
    <groups>
    </groups>
    <test started-at="2024-07-03T03:39:49 IST" name="Default test" finished-at="2024-07-03T03:39:52 IST" duration-ms="2538">
      <class name="com.test.api.DeleteMessageTests">
        <test-method is-config="true" signature="setup()[pri:0, instance:com.test.api.DeleteMessageTests@5fe94a96]" started-at="2024-07-03T03:39:49 IST" name="setup" finished-at="2024-07-03T03:39:50 IST" duration-ms="379" status="PASS">
          <reporter-output>
          </reporter-output>
        </test-method> <!-- setup -->
        <test-method signature="verify_Deletion_of_message_is_success()[pri:1, instance:com.test.api.DeleteMessageTests@5fe94a96]" started-at="2024-07-03T03:39:50 IST" name="verify_Deletion_of_message_is_success" description="verify that API allows successful deletion of the message with valid message id" finished-at="2024-07-03T03:39:52 IST" duration-ms="2110" status="PASS">
          <reporter-output>
          </reporter-output>
        </test-method> <!-- verify_Deletion_of_message_is_success -->
        <test-method signature="verify_API_returns_404_error_code_with_invalid_message_id()[pri:2, instance:com.test.api.DeleteMessageTests@5fe94a96]" started-at="2024-07-03T03:39:52 IST" name="verify_API_returns_404_error_code_with_invalid_message_id" description="verify that API returns 404 error code while deletion of the message with invalid message id" finished-at="2024-07-03T03:39:52 IST" duration-ms="11" status="PASS">
          <reporter-output>
          </reporter-output>
        </test-method> <!-- verify_API_returns_404_error_code_with_invalid_message_id -->
      </class> <!-- com.test.api.DeleteMessageTests -->
    </test> <!-- Default test -->
  </suite> <!-- Default suite -->
</testng-results>
