<?xml version="1.0" encoding="UTF-8"?>
<!-- Generated by org.testng.reporters.JUnitXMLReporter -->
<testsuite ignored="0" hostname="CDC2-L-115FXRF" failures="0" tests="2" name="Default test" time="2.538" errors="0" timestamp="2024-07-03T03:39:52 IST">
  <testcase classname="com.test.api.DeleteMessageTests" name="verify_Deletion_of_message_is_success" time="2.11"/>
  <testcase classname="com.test.api.DeleteMessageTests" name="verify_API_returns_404_error_code_with_invalid_message_id" time="0.011"/>
</testsuite> <!-- Default test -->
