<?xml version="1.0" encoding="UTF-8"?>
<!-- Generated by org.testng.reporters.JUnitXMLReporter -->
<testsuite ignored="0" hostname="CDC2-L-115FXRF" failures="1" tests="13" name="Test" time="2.918" errors="0" timestamp="2024-07-03T02:31:18 IST">
  <testcase classname="com.test.api.GetMessageTests" name="Verify_that_API_fetches_all_messages_from_messages_enpoint" time="0.932"/>
  <testcase classname="com.test.api.GetMessageTests" name="Verify_that_API_fetches_message_for_a_particular_message_id" time="1.001"/>
  <testcase classname="com.test.api.GetMessageTests" name="Verify_that_API_generated_message_ids_are_unique" time="0.17"/>
  <testcase classname="com.test.api.GetMessageTests" name="Verify_that_API_returns_error_for_invalid_message_id" time="0.015"/>
  <testcase classname="com.test.api.GetMessageTests" name="Verify_that_API_returns_error_for_null_message_id" time="0.013"/>
  <testcase classname="com.test.api.PostMessagesTests" name="sendEmptyMessage" time="0.038"/>
  <testcase classname="com.test.api.PostMessagesTests" name="sendMessage" time="0.037"/>
  <testcase classname="com.test.api.PostMessagesTests" name="sendMessageWithEmptySenderAndReceiverId" time="0.037"/>
  <testcase classname="com.test.api.PostMessagesTests" name="sendMessageWithNoMessageField" time="0.034"/>
  <testcase classname="com.test.api.PostMessagesTests" name="sendMessageWithNoSenderAndReceiver" time="0.032"/>
  <testcase classname="com.test.api.DeleteMessageTests" name="verify_API_returns_404_error_code_with_invalid_message_id" time="0.012"/>
  <testcase classname="com.test.api.DeleteMessageTests" name="verify_Deletion_of_message_is_success" time="0.051"/>
  <testcase classname="com.test.api.UpdateMessageTests" name="sendMessage" time="0.057">
    <failure type="junit.framework.AssertionFailedError" message="expected:&amp;lt;404&amp;gt; but was:&amp;lt;200&amp;gt;">
      <![CDATA[junit.framework.AssertionFailedError: expected:<404> but was:<200>
at junit.framework.Assert.fail(Assert.java:50)
at junit.framework.Assert.failNotEquals(Assert.java:287)
at junit.framework.Assert.assertEquals(Assert.java:67)
at junit.framework.Assert.assertEquals(Assert.java:199)
at junit.framework.Assert.assertEquals(Assert.java:205)
at com.test.api.UpdateMessageTests.sendMessage(UpdateMessageTests.java:44)
at java.base/java.util.ArrayList.forEach(ArrayList.java:1596)
... Removed 25 stack frames]]>
    </failure>
  </testcase> <!-- sendMessage -->
</testsuite> <!-- Test -->
